<?xml version="1.0" encoding="UTF-8"?>
<testng-results ignored="0" total="4" passed="4" failed="0" skipped="0">
  <reporter-output>
  </reporter-output>
  <suite started-at="2025-09-03T22:39:14 IST" name="Suite" finished-at="2025-09-03T22:39:28 IST" duration-ms="14420">
    <groups>
    </groups>
    <test started-at="2025-09-03T22:39:14 IST" name="Test" finished-at="2025-09-03T22:39:28 IST" duration-ms="14420">
      <class name="com.test.SelectDropdown">
        <test-method is-config="true" signature="Initialization()[pri:0, instance:com.test.SelectDropdown@3d680b5a]" started-at="2025-09-03T22:39:19 IST" name="Initialization" finished-at="2025-09-03T22:39:23 IST" duration-ms="3556" status="PASS">
          <reporter-output>
          </reporter-output>
        </test-method> <!-- Initialization -->
        <test-method signature="Test3()[pri:0, instance:com.test.SelectDropdown@3d680b5a]" started-at="2025-09-03T22:39:23 IST" name="Test3" finished-at="2025-09-03T22:39:24 IST" duration-ms="482" status="PASS">
          <reporter-output>
          </reporter-output>
        </test-method> <!-- Test3 -->
        <test-method signature="Test1()[pri:1, instance:com.test.SelectDropdown@3d680b5a]" started-at="2025-09-03T22:39:24 IST" name="Test1" finished-at="2025-09-03T22:39:24 IST" duration-ms="694" status="PASS">
          <reporter-output>
          </reporter-output>
        </test-method> <!-- Test1 -->
        <test-method signature="Test2()[pri:2, instance:com.test.SelectDropdown@3d680b5a]" started-at="2025-09-03T22:39:24 IST" name="Test2" finished-at="2025-09-03T22:39:28 IST" duration-ms="3648" status="PASS">
          <reporter-output>
          </reporter-output>
        </test-method> <!-- Test2 -->
        <test-method is-config="true" signature="closure()[pri:0, instance:com.test.SelectDropdown@3d680b5a]" started-at="2025-09-03T22:39:28 IST" name="closure" finished-at="2025-09-03T22:39:28 IST" duration-ms="403" status="PASS">
          <reporter-output>
          </reporter-output>
        </test-method> <!-- closure -->
      </class> <!-- com.test.SelectDropdown -->
      <class name="com.test.DragAndDrop">
        <test-method is-config="true" signature="Initialization()[pri:0, instance:com.test.DragAndDrop@6f96c77]" started-at="2025-09-03T22:39:14 IST" name="Initialization" finished-at="2025-09-03T22:39:18 IST" duration-ms="4556" status="PASS">
          <reporter-output>
          </reporter-output>
        </test-method> <!-- Initialization -->
        <test-method signature="dragAnddrop()[pri:0, instance:com.test.DragAndDrop@6f96c77]" started-at="2025-09-03T22:39:18 IST" name="dragAnddrop" finished-at="2025-09-03T22:39:19 IST" duration-ms="722" status="PASS">
          <reporter-output>
          </reporter-output>
        </test-method> <!-- dragAnddrop -->
        <test-method is-config="true" signature="closure()[pri:0, instance:com.test.DragAndDrop@6f96c77]" started-at="2025-09-03T22:39:19 IST" name="closure" finished-at="2025-09-03T22:39:19 IST" duration-ms="292" status="PASS">
          <reporter-output>
          </reporter-output>
        </test-method> <!-- closure -->
      </class> <!-- com.test.DragAndDrop -->
    </test> <!-- Test -->
  </suite> <!-- Suite -->
</testng-results>
