<?xml version="1.0" encoding="UTF-8"?>
<testsuite xmlns:xsi="http://www.w3.org/2001/XMLSchema-instance" xsi:noNamespaceSchemaLocation="https://maven.apache.org/surefire/maven-surefire-plugin/xsd/surefire-test-report.xsd" version="3.0.1" name="TestSuite" time="16.99" tests="4" errors="0" skipped="0" failures="0">
  <properties>
[...]
</properties>
  <testcase name="dragAnddrop" classname="com.test.DragAndDrop" time="0.678">
    <system-err><![CDATA[SLF4J(W): No SLF4J providers were found.
SLF4J(W): Defaulting to no-operation (NOP) logger implementation
SLF4J(W): See https://www.slf4j.org/codes.html#noProviders for further details.
Sept 02, 2025 12:39:55 PM org.openqa.selenium.devtools.CdpVersionFinder findNearestMatch
WARNING: Unable to find CDP implementation matching 139
Sept 02, 2025 12:39:55 PM org.openqa.selenium.chromium.ChromiumDriver lambda$new$5
WARNING: Unable to find version of CDP to use for 139.0.7258.140. You may need to include a dependency on a specific version of the CDP using something similar to `org.seleniumhq.selenium:selenium-devtools-v86:4.19.0` where the version ("v86") matches the version of the chromium-based browser you're using and the version number of the artifact is the same as Selenium's.
]]></system-err>
  </testcase>
  <testcase name="Test3" classname="com.test.SelectDropdown" time="0.482">
    <system-out><![CDATA[Sign in
New customer? Start here.
Your Lists
Create a Wish List
Wish from Any Website
Baby Wishlist
Discover Your Style
Explore Showroom
Your Account
Your Account
Your Orders
Your Wish List
Keep shopping for
Your Recommendations
Your Prime Membership
Your Prime Video
Your Subscribe & Save Items
Memberships & Subscriptions
Your Seller Account
Manage Your Content and Devices
Register for a free Business Account
]]></system-out>
    <system-err><![CDATA[Sept 02, 2025 12:40:03 PM org.openqa.selenium.devtools.CdpVersionFinder findNearestMatch
WARNING: Unable to find CDP implementation matching 139
Sept 02, 2025 12:40:03 PM org.openqa.selenium.chromium.ChromiumDriver lambda$new$5
WARNING: Unable to find version of CDP to use for 139.0.7258.140. You may need to include a dependency on a specific version of the CDP using something similar to `org.seleniumhq.selenium:selenium-devtools-v86:4.19.0` where the version ("v86") matches the version of the chromium-based browser you're using and the version number of the artifact is the same as Selenium's.
]]></system-err>
  </testcase>
  <testcase name="Test1" classname="com.test.SelectDropdown" time="0.39"/>
  <testcase name="Test2" classname="com.test.SelectDropdown" time="2.727">
    <system-out><![CDATA[All Categories
Alexa Skills
Amazon Devices
Amazon Fashion
Amazon Fresh
Amazon Fresh Meat
Amazon Pharmacy
Appliances
Apps & Games
Audible Audiobooks
Baby
Beauty
Books
Car & Motorbike
Clothing & Accessories
Collectibles
Computers & Accessories
Deals
Electronics
Furniture
Garden & Outdoors
Gift Cards
Grocery & Gourmet Foods
Health & Personal Care
Home & Kitchen
Industrial & Scientific
Jewellery
Kindle Store
Luggage & Bags
Luxury Beauty
Movies & TV Shows
MP3 Music
Music
Musical Instruments
Office Products
Pet Supplies
Prime Video
Shoes & Handbags
Software
Sports, Fitness & Outdoors
Subscribe & Save
Tools & Home Improvement
Toys & Games
Under ₹500
Video Games
Watches
]]></system-out>
  </testcase>
</testsuite>