<?xml version="1.0" encoding="UTF-8"?>
<testng-results ignored="0" total="4" passed="4" failed="0" skipped="0">
  <reporter-output>
  </reporter-output>
  <suite started-at="2025-09-02T12:39:52 IST" name="Suite" finished-at="2025-09-02T12:40:08 IST" duration-ms="16052">
    <groups>
    </groups>
    <test started-at="2025-09-02T12:39:52 IST" name="Test" finished-at="2025-09-02T12:40:08 IST" duration-ms="16052">
      <class name="com.test.SelectDropdown">
        <test-method is-config="true" signature="Initialization()[pri:0, instance:com.test.SelectDropdown@49d904ec]" started-at="2025-09-02T12:40:01 IST" name="Initialization" finished-at="2025-09-02T12:40:05 IST" duration-ms="3020" status="PASS">
          <reporter-output>
          </reporter-output>
        </test-method> <!-- Initialization -->
        <test-method signature="Test3()[pri:0, instance:com.test.SelectDropdown@49d904ec]" started-at="2025-09-02T12:40:05 IST" name="Test3" finished-at="2025-09-02T12:40:05 IST" duration-ms="479" status="PASS">
          <reporter-output>
          </reporter-output>
        </test-method> <!-- Test3 -->
        <test-method signature="Test1()[pri:1, instance:com.test.SelectDropdown@49d904ec]" started-at="2025-09-02T12:40:05 IST" name="Test1" finished-at="2025-09-02T12:40:05 IST" duration-ms="394" status="PASS">
          <reporter-output>
          </reporter-output>
        </test-method> <!-- Test1 -->
        <test-method signature="Test2()[pri:2, instance:com.test.SelectDropdown@49d904ec]" started-at="2025-09-02T12:40:05 IST" name="Test2" finished-at="2025-09-02T12:40:08 IST" duration-ms="2725" status="PASS">
          <reporter-output>
          </reporter-output>
        </test-method> <!-- Test2 -->
        <test-method is-config="true" signature="closure()[pri:0, instance:com.test.SelectDropdown@49d904ec]" started-at="2025-09-02T12:40:08 IST" name="closure" finished-at="2025-09-02T12:40:08 IST" duration-ms="271" status="PASS">
          <reporter-output>
          </reporter-output>
        </test-method> <!-- closure -->
      </class> <!-- com.test.SelectDropdown -->
      <class name="com.test.DragAndDrop">
        <test-method is-config="true" signature="Initialization()[pri:0, instance:com.test.DragAndDrop@4c9f8c13]" started-at="2025-09-02T12:39:52 IST" name="Initialization" finished-at="2025-09-02T12:40:01 IST" duration-ms="8212" status="PASS">
          <reporter-output>
          </reporter-output>
        </test-method> <!-- Initialization -->
        <test-method signature="dragAnddrop()[pri:0, instance:com.test.DragAndDrop@4c9f8c13]" started-at="2025-09-02T12:40:01 IST" name="dragAnddrop" finished-at="2025-09-02T12:40:01 IST" duration-ms="678" status="PASS">
          <reporter-output>
          </reporter-output>
        </test-method> <!-- dragAnddrop -->
        <test-method is-config="true" signature="closure()[pri:0, instance:com.test.DragAndDrop@4c9f8c13]" started-at="2025-09-02T12:40:01 IST" name="closure" finished-at="2025-09-02T12:40:01 IST" duration-ms="216" status="PASS">
          <reporter-output>
          </reporter-output>
        </test-method> <!-- closure -->
      </class> <!-- com.test.DragAndDrop -->
    </test> <!-- Test -->
  </suite> <!-- Suite -->
</testng-results>
