<?xml version="1.0" encoding="UTF-8"?>
<!-- Generated by org.testng.reporters.JUnitXMLReporter -->
<testsuite ignored="0" hostname="DESKTOP-R86FHD4" failures="0" tests="4" name="Test" time="13.045" errors="0" timestamp="2025-09-01T22:31:17 IST">
  <testcase classname="com.test.DragAndDrop" name="dragAnddrop" time="0.66"/>
  <testcase classname="com.test.SelectDropdown" name="Test3" time="0.489"/>
  <testcase classname="com.test.SelectDropdown" name="Test1" time="0.434"/>
  <testcase classname="com.test.SelectDropdown" name="Test2" time="2.148"/>
</testsuite> <!-- Test -->
