<?xml version="1.0" encoding="UTF-8"?>
<!-- Generated by org.testng.reporters.JUnitXMLReporter -->
<testsuite ignored="0" hostname="DESKTOP-R86FHD4" failures="0" tests="4" name="Test" time="14.42" errors="0" timestamp="2025-09-03T22:39:28 IST">
  <testcase classname="com.test.DragAndDrop" name="dragAnddrop" time="0.722"/>
  <testcase classname="com.test.SelectDropdown" name="Test3" time="0.482"/>
  <testcase classname="com.test.SelectDropdown" name="Test1" time="0.694"/>
  <testcase classname="com.test.SelectDropdown" name="Test2" time="3.648"/>
</testsuite> <!-- Test -->
