<?xml version="1.0" encoding="UTF-8"?>
<!-- Generated by org.testng.reporters.JUnitXMLReporter -->
<testsuite ignored="0" hostname="DESKTOP-R86FHD4" failures="0" tests="4" name="Test" time="16.052" errors="0" timestamp="2025-09-02T12:40:08 IST">
  <testcase classname="com.test.DragAndDrop" name="dragAnddrop" time="0.678"/>
  <testcase classname="com.test.SelectDropdown" name="Test3" time="0.479"/>
  <testcase classname="com.test.SelectDropdown" name="Test1" time="0.394"/>
  <testcase classname="com.test.SelectDropdown" name="Test2" time="2.725"/>
</testsuite> <!-- Test -->
